<?xml version="1.0" encoding="UTF-8"?>
<testng-results skipped="0" failed="0" ignored="0" total="2" passed="2">
  <reporter-output>
  </reporter-output>
  <suite name="Default suite" duration-ms="26153" started-at="2019-02-18T04:46:54Z" finished-at="2019-02-18T04:47:20Z">
    <groups>
    </groups>
    <test name="Default test" duration-ms="26153" started-at="2019-02-18T04:46:54Z" finished-at="2019-02-18T04:47:20Z">
      <class name="com.training.sanity.tests.DeleteOrderDetailsTests">
        <test-method status="PASS" signature="setUpBeforeClass()[pri:0, instance:com.training.sanity.tests.DeleteOrderDetailsTests@6f7fd0e6]" name="setUpBeforeClass" is-config="true" duration-ms="6704" started-at="2019-02-18T04:46:54Z" finished-at="2019-02-18T04:47:01Z">
          <reporter-output>
          </reporter-output>
        </test-method> <!-- setUpBeforeClass -->
        <test-method status="PASS" signature="showOrders()[pri:1, instance:com.training.sanity.tests.DeleteOrderDetailsTests@6f7fd0e6]" name="showOrders" duration-ms="3386" started-at="2019-02-18T04:47:01Z" finished-at="2019-02-18T04:47:04Z">
          <reporter-output>
          </reporter-output>
        </test-method> <!-- showOrders -->
        <test-method status="PASS" signature="deleteWithOrderID()[pri:2, instance:com.training.sanity.tests.DeleteOrderDetailsTests@6f7fd0e6]" name="deleteWithOrderID" duration-ms="14208" started-at="2019-02-18T04:47:04Z" finished-at="2019-02-18T04:47:18Z">
          <reporter-output>
          </reporter-output>
        </test-method> <!-- deleteWithOrderID -->
        <test-method status="PASS" signature="tearDown()[pri:0, instance:com.training.sanity.tests.DeleteOrderDetailsTests@6f7fd0e6]" name="tearDown" is-config="true" duration-ms="1828" started-at="2019-02-18T04:47:18Z" finished-at="2019-02-18T04:47:20Z">
          <reporter-output>
          </reporter-output>
        </test-method> <!-- tearDown -->
      </class> <!-- com.training.sanity.tests.DeleteOrderDetailsTests -->
    </test> <!-- Default test -->
  </suite> <!-- Default suite -->
</testng-results>
