<?xml version="1.0" encoding="UTF-8"?>
<testng-results skipped="0" failed="0" ignored="0" total="2" passed="2">
  <reporter-output>
  </reporter-output>
  <suite name="Default suite" duration-ms="30496" started-at="2019-03-03T07:55:46Z" finished-at="2019-03-03T07:56:17Z">
    <groups>
    </groups>
    <test name="Default test" duration-ms="30496" started-at="2019-03-03T07:55:46Z" finished-at="2019-03-03T07:56:17Z">
      <class name="com.training.sanity.tests.TC17DeleteOrderDetailsTests">
        <test-method status="PASS" signature="setUpBeforeClass()[pri:0, instance:com.training.sanity.tests.TC17DeleteOrderDetailsTests@6f7fd0e6]" name="setUpBeforeClass" is-config="true" duration-ms="8119" started-at="2019-03-03T07:55:46Z" finished-at="2019-03-03T07:55:54Z">
          <reporter-output>
          </reporter-output>
        </test-method> <!-- setUpBeforeClass -->
        <test-method status="PASS" signature="showOrders()[pri:1, instance:com.training.sanity.tests.TC17DeleteOrderDetailsTests@6f7fd0e6]" name="showOrders" duration-ms="7495" started-at="2019-03-03T07:55:54Z" finished-at="2019-03-03T07:56:02Z">
          <reporter-output>
          </reporter-output>
        </test-method> <!-- showOrders -->
        <test-method status="PASS" signature="deleteWithOrderID()[pri:2, instance:com.training.sanity.tests.TC17DeleteOrderDetailsTests@6f7fd0e6]" name="deleteWithOrderID" duration-ms="14034" started-at="2019-03-03T07:56:02Z" finished-at="2019-03-03T07:56:16Z">
          <reporter-output>
          </reporter-output>
        </test-method> <!-- deleteWithOrderID -->
        <test-method status="PASS" signature="tearDown()[pri:0, instance:com.training.sanity.tests.TC17DeleteOrderDetailsTests@6f7fd0e6]" name="tearDown" is-config="true" duration-ms="807" started-at="2019-03-03T07:56:16Z" finished-at="2019-03-03T07:56:17Z">
          <reporter-output>
          </reporter-output>
        </test-method> <!-- tearDown -->
      </class> <!-- com.training.sanity.tests.TC17DeleteOrderDetailsTests -->
    </test> <!-- Default test -->
  </suite> <!-- Default suite -->
</testng-results>
