<?xml version="1.0" encoding="UTF-8"?>
<!-- Generated by org.testng.reporters.JUnitXMLReporter -->
<testsuite hostname="IBM925-PC0GJ3K1" ignored="0" name="Default test" tests="2" failures="0" timestamp="03 Mar 2019 07:56:17 GMT" time="30.496" errors="0">
  <testcase name="showOrders" time="7.495" classname="com.training.sanity.tests.TC17DeleteOrderDetailsTests"/>
  <testcase name="deleteWithOrderID" time="14.034" classname="com.training.sanity.tests.TC17DeleteOrderDetailsTests"/>
</testsuite> <!-- Default test -->
