<?xml version="1.0" encoding="UTF-8"?>
<!-- Generated by org.testng.reporters.JUnitXMLReporter -->
<testsuite hostname="IBM925-PC0GJ3K1" ignored="0" name="Default test" tests="2" failures="0" timestamp="18 Feb 2019 04:47:20 GMT" time="26.153" errors="0">
  <testcase name="showOrders" time="3.386" classname="com.training.sanity.tests.DeleteOrderDetailsTests"/>
  <testcase name="deleteWithOrderID" time="14.208" classname="com.training.sanity.tests.DeleteOrderDetailsTests"/>
</testsuite> <!-- Default test -->
